<?xml version="1.0" encoding="UTF-8"?>
<!-- Generated by org.testng.reporters.JUnitReportReporter -->
<testsuite hostname="DESKTOP-73G0TGN" failures="0" tests="1" name="tests.TestCases" time="7.542" errors="0" timestamp="2023-08-01T08:29:08 IST" skipped="0">
  <testcase classname="tests.TestCases" name="loginTestCase" time="7.542"/>
</testsuite> <!-- tests.TestCases -->
