<?xml version="1.0" encoding="UTF-8"?>
<!-- Generated by org.testng.reporters.JUnitReportReporter -->
<testsuite hostname="DESKTOP-73G0TGN" failures="0" tests="1" name="tests.TestCases" time="6.676" errors="0" timestamp="2023-08-07T08:23:20 IST" skipped="0">
  <testcase classname="tests.TestCases" name="loginTestCase" time="6.676"/>
</testsuite> <!-- tests.TestCases -->
